<?xml version="1.0" encoding="UTF-8"?>
<testng-results ignored="0" total="1" passed="1" failed="0" skipped="0">
  <reporter-output>
  </reporter-output>
  <suite started-at="2024-10-21T21:04:37 IST" name="Default suite" finished-at="2024-10-21T21:04:58 IST" duration-ms="21206">
    <groups>
    </groups>
    <test started-at="2024-10-21T21:04:37 IST" name="Default test" finished-at="2024-10-21T21:04:58 IST" duration-ms="21206">
      <class name="VideoUploadEdge">
        <test-method signature="testVideoUploadEdge()[pri:0, instance:VideoUploadEdge@2b91004a]" started-at="2024-10-21T21:04:37 IST" name="testVideoUploadEdge" finished-at="2024-10-21T21:04:58 IST" duration-ms="21178" status="PASS">
          <reporter-output>
          </reporter-output>
        </test-method> <!-- testVideoUploadEdge -->
      </class> <!-- VideoUploadEdge -->
    </test> <!-- Default test -->
  </suite> <!-- Default suite -->
</testng-results>
